[2016-01-23 14:45:49] START
[2016-01-23 15:08:40] EDIT Homework1/models/db.py: 15
[2016-01-23 15:12:13] EDIT Homework1/controllers/default.py: -5
[2016-01-23 15:15:57] EDIT Homework1/controllers/default.py: 0
[2016-01-23 15:17:10] EDIT Homework1/controllers/default.py: 0
[2016-01-23 15:17:44] EDIT Homework1/controllers/default.py: 0
[2016-01-23 15:17:56] EDIT Homework1/controllers/default.py: 0
[2016-01-23 16:25:18] EDIT Homework1/controllers/default.py: -1
[2016-01-23 16:29:08] EDIT Homework1/views/default/index.html: 6
[2016-01-23 16:35:27] EDIT Homework1/controllers/default.py: 8
[2016-01-23 16:41:04] EDIT Homework1/controllers/default.py: 2
[2016-01-23 16:44:37] EDIT Homework1/controllers/default.py: 1
[2016-01-23 16:45:17] EDIT Homework1/controllers/default.py: 1
[2016-01-23 16:45:17] EDIT Homework1/controllers/default.py: 0
[2016-01-23 16:46:50] CREATE default/show.html: 0
[2016-01-23 16:47:26] EDIT Homework1/views/default/show.html: 13
[2016-01-23 17:12:52] EDIT Homework1/models/db.py: 9
[2016-01-23 17:13:20] EDIT Homework1/models/db.py: 0
[2016-01-23 17:13:34] EDIT Homework1/models/db.py: 0
[2016-01-23 17:13:52] EDIT Homework1/models/db.py: 0
[2016-01-23 17:13:52] EDIT Homework1/models/db.py: 0
[2016-01-23 17:13:53] EDIT Homework1/models/db.py: 0
[2016-01-23 17:16:15] EDIT Homework1/models/db.py: 0
[2016-01-23 17:18:03] EDIT Homework1/models/db.py: 1
[2016-01-23 17:18:45] EDIT Homework1/models/db.py: 0
[2016-01-23 17:19:25] EDIT Homework1/models/db.py: 0
[2016-01-23 17:25:29] EDIT Homework1/models/db.py: 0
[2016-01-23 17:26:24] EDIT Homework1/models/db.py: 0
[2016-01-23 17:29:07] EDIT Homework1/models/db.py: 0
[2016-01-23 17:30:00] EDIT Homework1/models/db.py: 0
[2016-01-23 17:30:37] EDIT Homework1/models/db.py: 0
[2016-01-23 17:30:48] EDIT Homework1/models/db.py: 0
[2016-01-23 17:31:24] EDIT Homework1/models/db.py: 0
[2016-01-23 17:31:24] EDIT Homework1/models/db.py: 0
[2016-01-23 17:32:08] EDIT Homework1/models/db.py: 0
[2016-01-23 17:32:22] EDIT Homework1/models/db.py: 0
[2016-01-23 17:33:44] EDIT Homework1/models/db.py: 0
[2016-01-23 17:35:30] EDIT Homework1/models/db.py: 0
[2016-01-23 17:35:39] EDIT Homework1/models/db.py: 0
[2016-01-23 17:35:55] EDIT Homework1/models/db.py: 0
[2016-01-23 17:37:18] EDIT Homework1/models/db.py: 0
[2016-01-23 17:37:29] EDIT Homework1/models/db.py: 0
[2016-01-23 17:47:39] EDIT Homework1/models/db.py: 3
[2016-01-23 17:47:52] EDIT Homework1/models/db.py: 0
[2016-01-23 17:51:12] EDIT Homework1/models/db.py: 1
[2016-01-23 17:54:49] EDIT Homework1/models/db.py: 1
[2016-01-23 17:55:56] EDIT Homework1/models/db.py: -1
[2016-01-23 17:55:56] EDIT Homework1/models/db.py: 0
[2016-01-23 17:56:36] EDIT Homework1/models/db.py: 1
[2016-01-23 17:56:46] EDIT Homework1/models/db.py: 0
[2016-01-23 17:57:31] EDIT Homework1/models/db.py: 0
[2016-01-23 17:57:57] EDIT Homework1/models/db.py: 0
[2016-01-23 17:59:02] EDIT Homework1/models/db.py: -1
[2016-01-23 17:59:43] EDIT Homework1/models/db.py: 0
[2016-01-23 18:02:50] EDIT Homework1/models/db.py: 0
[2016-01-23 18:03:16] EDIT Homework1/models/db.py: 0
[2016-01-23 18:03:46] EDIT Homework1/models/db.py: 0
[2016-01-23 18:04:04] EDIT Homework1/models/db.py: 0
[2016-01-23 18:05:18] EDIT Homework1/models/db.py: 0
[2016-01-23 18:07:02] EDIT Homework1/models/db.py: 1
[2016-01-23 18:14:25] EDIT Homework1/controllers/default.py: -1
[2016-01-23 18:14:32] EDIT Homework1/controllers/default.py: 0
[2016-01-23 18:15:18] EDIT Homework1/controllers/default.py: 0
[2016-01-23 18:16:17] EDIT Homework1/controllers/default.py: 0
[2016-01-23 18:17:09] EDIT Homework1/controllers/default.py: -8
[2016-01-23 18:18:49] EDIT Homework1/views/default/index.html: 0
[2016-01-23 18:21:10] EDIT Homework1/views/default/index.html: 0
[2016-01-23 18:26:21] EDIT Homework1/controllers/default.py: -2
[2016-01-23 18:27:44] EDIT Homework1/views/default/index.html: -6
[2016-01-23 18:31:40] EDIT Homework1/views/default/index.html: 3
[2016-01-23 18:38:13] EDIT Homework1/views/default/index.html: 2
[2016-01-23 18:40:18] EDIT Homework1/controllers/default.py: 3
[2016-01-23 18:44:31] EDIT Homework1/views/default/index.html: 1
[2016-01-23 18:44:39] EDIT Homework1/views/default/index.html: 0
[2016-01-23 18:45:46] EDIT Homework1/views/default/index.html: 0
[2016-01-23 18:46:30] EDIT Homework1/views/default/index.html: -1
[2016-01-23 18:46:38] EDIT Homework1/views/default/index.html: -4
[2016-01-23 18:46:51] EDIT Homework1/views/default/index.html: 0
[2016-01-23 18:47:16] EDIT Homework1/controllers/default.py: 0
[2016-01-23 18:48:17] EDIT Homework1/views/default/index.html: 4
[2016-01-23 18:49:05] EDIT Homework1/controllers/default.py: 0
[2016-01-23 18:49:15] EDIT Homework1/controllers/default.py: -1
[2016-01-23 18:55:23] EDIT Homework1/views/default/index.html: 0
[2016-01-23 18:58:19] EDIT Homework1/controllers/default.py: 1
[2016-01-23 18:58:59] EDIT Homework1/views/default/index.html: 0
[2016-01-23 19:05:00] EDIT Homework1/controllers/default.py: 0
[2016-01-23 19:06:15] EDIT Homework1/controllers/default.py: 8
[2016-01-23 19:07:10] EDIT Homework1/controllers/default.py: 0
[2016-01-23 19:07:45] EDIT Homework1/controllers/default.py: 0
[2016-01-23 19:08:07] EDIT Homework1/views/default/index.html: -4
[2016-01-23 19:08:15] EDIT Homework1/views/default/index.html: 0
[2016-01-23 19:09:16] EDIT Homework1/models/db.py: 0
[2016-01-23 19:10:25] EDIT Homework1/views/default/index.html: 5
[2016-01-23 19:14:19] EDIT Homework1/views/default/index.html: 0
[2016-01-23 19:18:11] EDIT Homework1/controllers/default.py: -5
[2016-01-23 19:19:10] EDIT Homework1/views/default/show.html: -10
[2016-01-23 19:20:15] EDIT Homework1/views/default/show.html: 0
[2016-01-23 19:22:32] EDIT Homework1/views/default/index.html: 0
[2016-01-23 19:22:48] EDIT Homework1/views/default/index.html: 0
[2016-01-23 19:23:25] EDIT Homework1/views/default/index.html: 0
[2016-01-23 19:23:38] EDIT Homework1/views/default/index.html: 0
[2016-01-23 19:30:56] EDIT Homework1/models/menu.py: -99
[2016-01-23 19:31:06] EDIT Homework1/models/menu.py: 99
[2016-01-23 19:31:06] EDIT Homework1/models/menu.py: 0
[2016-01-23 19:32:05] EDIT Homework1/models/menu.py: -61
[2016-01-23 19:54:10] EDIT Homework1/models/menu.py: 1
[2016-01-23 19:55:59] EDIT Homework1/models/menu.py: 1
[2016-01-23 19:57:20] EDIT Homework1/models/menu.py: -2
[2016-01-23 19:58:11] EDIT Homework1/models/menu.py: 0
[2016-01-23 19:58:58] EDIT Homework1/models/menu.py: 0
[2016-01-23 19:59:49] EDIT Homework1/models/menu.py: 0
[2016-01-23 20:08:36] EDIT Homework1/controllers/default.py: 6
[2016-01-23 20:08:41] EDIT Homework1/controllers/default.py: 0
[2016-01-23 20:09:42] EDIT Homework1/models/menu.py: 0
[2016-01-23 20:10:34] EDIT Homework1/controllers/default.py: 2
[2016-01-23 20:12:17] EDIT Homework1/models/menu.py: 0
[2016-01-23 20:13:16] EDIT Homework1/models/menu.py: 0
[2016-01-23 20:18:54] EDIT Homework1/controllers/default.py: 1
[2016-01-23 20:22:02] EDIT Homework1/views/default/index.html: 0
[2016-01-23 20:24:08] EDIT Homework1/views/default/index.html: 0
[2016-01-23 20:24:39] EDIT Homework1/views/default/index.html: 0
[2016-01-23 20:27:09] EDIT Homework1/views/default/index.html: 0
[2016-01-23 20:27:50] EDIT Homework1/views/default/index.html: 0
[2016-01-23 20:31:30] EDIT Homework1/controllers/default.py: 3
[2016-01-23 20:31:34] EDIT Homework1/controllers/default.py: 0
[2016-01-23 20:32:49] EDIT Homework1/models/menu.py: 1
[2016-01-23 20:33:03] EDIT Homework1/models/menu.py: 0
[2016-01-23 20:34:03] EDIT Homework1/models/menu.py: 0
[2016-01-23 20:34:26] EDIT Homework1/controllers/default.py: 0
[2016-01-23 20:34:28] EDIT Homework1/controllers/default.py: 0
[2016-01-23 20:34:40] EDIT Homework1/models/menu.py: 0
[2016-01-23 20:34:58] EDIT Homework1/models/menu.py: 0
[2016-01-23 20:34:58] EDIT Homework1/models/menu.py: 0
[2016-01-23 20:34:58] EDIT Homework1/models/menu.py: 0
[2016-01-23 20:35:22] EDIT Homework1/models/menu.py: 0
[2016-01-23 20:35:31] EDIT Homework1/models/menu.py: 0
[2016-01-23 21:13:48] EDIT Homework1/models/menu.py: 0
[2016-01-23 21:14:58] EDIT Homework1/controllers/default.py: 0
[2016-01-23 21:15:17] EDIT Homework1/controllers/default.py: 0
[2016-01-23 21:15:44] EDIT Homework1/controllers/default.py: 0
[2016-01-23 21:18:12] EDIT Homework1/views/default/index.html: 1
[2016-01-23 21:18:27] EDIT Homework1/views/default/index.html: 0
[2016-01-23 21:18:53] EDIT Homework1/views/default/index.html: 0
[2016-01-23 21:19:04] EDIT Homework1/views/default/index.html: 0
[2016-01-23 21:19:07] EDIT Homework1/views/default/index.html: 0
[2016-01-23 21:19:54] EDIT Homework1/views/default/index.html: 0
[2016-01-23 21:20:26] EDIT Homework1/views/default/index.html: 0
[2016-01-23 21:21:02] EDIT Homework1/views/default/index.html: 0
[2016-01-23 21:21:08] EDIT Homework1/views/default/index.html: 0
[2016-01-23 21:22:10] EDIT Homework1/views/default/index.html: -1
[2016-01-23 21:31:22] EDIT Homework1/controllers/default.py: 2
[2016-01-23 21:31:44] EDIT Homework1/controllers/default.py: 0
[2016-01-23 21:32:28] EDIT Homework1/controllers/default.py: 0
[2016-01-23 21:32:41] EDIT Homework1/controllers/default.py: 0
[2016-01-23 21:32:47] EDIT Homework1/controllers/default.py: 0
[2016-01-23 21:33:03] EDIT Homework1/controllers/default.py: 0
[2016-01-23 21:33:10] EDIT Homework1/controllers/default.py: 0
[2016-01-23 21:33:55] EDIT Homework1/models/menu.py: 0
[2016-01-23 21:34:30] EDIT Homework1/controllers/default.py: -2
[2016-01-23 21:41:57] EDIT Homework1/views/default/index.html: 2
[2016-01-23 21:41:59] EDIT Homework1/views/default/index.html: 0
[2016-01-23 21:47:17] EDIT Homework1/views/default/index.html: 0
[2016-01-23 21:48:54] EDIT Homework1/views/default/index.html: 0
[2016-01-23 22:50:36] EDIT Homework1/views/default/index.html: 0
[2016-01-23 22:52:20] EDIT Homework1/controllers/default.py: 1
[2016-01-23 22:54:03] EDIT Homework1/views/default/show.html: 3
[2016-01-23 22:56:04] EDIT Homework1/controllers/default.py: 0
[2016-01-23 22:56:19] EDIT Homework1/controllers/default.py: 0
[2016-01-23 22:56:32] EDIT Homework1/controllers/default.py: 0
[2016-01-23 22:56:40] EDIT Homework1/controllers/default.py: 0
[2016-01-23 23:21:47] EDIT Homework1/controllers/default.py: 0
[2016-01-24 00:04:21] EDIT Homework1/views/default/show.html: 0
[2016-01-24 00:05:07] EDIT Homework1/views/default/show.html: 0
[2016-01-24 00:06:37] EDIT Homework1/views/default/show.html: 2
[2016-01-24 00:07:26] EDIT Homework1/views/default/show.html: 3
[2016-01-24 00:07:28] EDIT Homework1/views/default/show.html: 0
[2016-01-24 00:07:32] EDIT Homework1/views/default/show.html: 0
[2016-01-24 00:08:01] EDIT Homework1/views/default/show.html: 2
[2016-01-24 00:08:29] EDIT Homework1/views/default/show.html: -1
[2016-01-24 00:12:54] EDIT Homework1/views/default/show.html: -3
[2016-01-24 00:13:21] EDIT Homework1/views/default/show.html: 0
[2016-01-24 00:13:34] EDIT Homework1/views/default/show.html: 0
[2016-01-24 00:15:02] EDIT Homework1/views/default/show.html: 3
[2016-01-24 00:16:42] EDIT Homework1/views/default/show.html: 3
[2016-01-24 00:19:09] EDIT Homework1/views/default/show.html: 0
[2016-01-24 00:20:08] EDIT Homework1/views/default/show.html: 0
[2016-01-24 00:20:50] EDIT Homework1/views/default/show.html: 3
[2016-01-24 00:22:10] EDIT Homework1/views/default/show.html: 0
[2016-01-24 00:22:53] EDIT Homework1/views/default/show.html: 0
[2016-01-24 00:23:24] EDIT Homework1/views/default/show.html: 0
[2016-01-24 00:25:40] EDIT Homework1/views/default/show.html: 0
[2016-01-24 00:26:18] EDIT Homework1/views/default/show.html: 0
[2016-01-24 00:26:31] EDIT Homework1/views/default/show.html: 0
[2016-01-24 00:32:05] EDIT Homework1/views/default/show.html: 2
[2016-01-24 01:09:32] EDIT Homework1/views/default/show.html: 0
[2016-01-24 01:14:47] EDIT Homework1/controllers/default.py: -1
[2016-01-24 01:15:23] EDIT Homework1/views/default/show.html: -1
[2016-01-24 01:15:43] EDIT Homework1/views/default/show.html: 0
[2016-01-24 01:17:36] EDIT Homework1/views/default/index.html: -47
[2016-01-24 01:19:21] EDIT Homework1/controllers/default.py: 1
[2016-01-24 01:21:37] EDIT Homework1/views/default/index.html: 0
[2016-01-24 01:23:35] EDIT Homework1/views/default/show.html: 0
[2016-01-24 01:27:59] EDIT Homework1/views/default/show.html: 0
[2016-01-24 01:29:45] EDIT Homework1/views/default/show.html: 2
[2016-01-24 01:29:51] EDIT Homework1/views/default/show.html: 0
[2016-01-24 01:31:54] EDIT Homework1/views/default/show.html: 0
[2016-01-24 01:33:09] EDIT Homework1/views/default/show.html: 0
[2016-01-24 01:34:20] EDIT Homework1/views/default/show.html: 0
[2016-01-24 01:36:24] EDIT Homework1/views/default/show.html: 0
[2016-01-24 01:40:03] EDIT Homework1/controllers/default.py: -2
[2016-01-24 01:40:50] EDIT Homework1/controllers/default.py: 0
[2016-01-24 01:41:34] EDIT Homework1/views/default/index.html: 4
[2016-01-24 01:42:26] EDIT Homework1/views/default/index.html: -1
[2016-01-24 01:43:34] EDIT Homework1/views/default/index.html: -3
[2016-01-24 01:44:19] EDIT Homework1/views/default/index.html: 0
[2016-01-24 01:45:19] EDIT Homework1/views/default/index.html: 1
[2016-01-24 13:22:48] EDIT 381spmch1/controllers/default.py: 0
[2016-01-24 13:23:14] EDIT 381spmch1/controllers/default.py: 0
[2016-01-24 13:35:34] EDIT 381spmch1/controllers/default.py: 1
[2016-01-24 13:35:50] EDIT 381spmch1/controllers/default.py: 0
[2016-01-24 13:35:51] EDIT 381spmch1/controllers/default.py: 0
[2016-01-24 13:36:22] EDIT 381spmch1/controllers/default.py: 0
[2016-01-24 13:36:34] EDIT 381spmch1/controllers/default.py: 0
[2016-01-24 13:37:09] EDIT 381spmch1/controllers/default.py: 0
[2016-01-24 13:37:44] EDIT 381spmch1/controllers/default.py: 1
[2016-01-24 13:38:06] EDIT 381spmch1/controllers/default.py: 0
[2016-01-24 13:38:23] EDIT 381spmch1/controllers/default.py: 0
[2016-01-24 13:39:00] EDIT 381spmch1/controllers/default.py: 1
[2016-01-24 13:39:43] EDIT 381spmch1/controllers/default.py: 0
[2016-01-24 13:39:57] EDIT 381spmch1/controllers/default.py: 0
[2016-01-24 13:40:35] EDIT 381spmch1/controllers/default.py: 0
[2016-01-24 13:41:43] EDIT 381spmch1/controllers/default.py: 0
[2016-01-24 13:42:22] EDIT 381spmch1/controllers/default.py: 0
[2016-01-24 13:43:24] EDIT 381spmch1/controllers/default.py: 1
[2016-01-24 13:44:18] EDIT 381spmch1/controllers/default.py: 1
[2016-01-24 13:44:24] EDIT 381spmch1/controllers/default.py: 0
[2016-01-24 13:48:06] EDIT 381spmch1/controllers/default.py: -1
[2016-01-24 13:48:09] EDIT 381spmch1/controllers/default.py: 0
[2016-01-24 13:50:42] EDIT 381spmch1/controllers/default.py: 0
[2016-01-24 13:51:15] EDIT 381spmch1/controllers/default.py: 0
[2016-01-24 13:51:51] EDIT 381spmch1/controllers/default.py: 1
[2016-01-24 13:52:12] EDIT 381spmch1/controllers/default.py: -1
[2016-01-24 13:53:29] EDIT 381spmch1/controllers/default.py: 1
[2016-01-24 13:53:52] EDIT 381spmch1/controllers/default.py: 0
[2016-01-24 13:54:38] EDIT 381spmch1/controllers/default.py: -1
[2016-01-24 13:54:56] EDIT 381spmch1/controllers/default.py: 0
[2016-01-24 13:55:02] EDIT 381spmch1/controllers/default.py: 0
[2016-01-24 13:55:04] EDIT 381spmch1/controllers/default.py: 0
[2016-01-24 13:55:37] EDIT 381spmch1/controllers/default.py: 0
[2016-01-24 13:55:45] EDIT 381spmch1/controllers/default.py: 0
[2016-01-24 13:55:53] EDIT 381spmch1/controllers/default.py: 0
[2016-01-24 13:56:21] EDIT 381spmch1/controllers/default.py: 0
[2016-01-24 13:56:29] EDIT 381spmch1/controllers/default.py: 0
[2016-01-24 13:56:35] EDIT 381spmch1/controllers/default.py: 0
[2016-01-24 13:56:41] EDIT 381spmch1/controllers/default.py: 0
[2016-01-24 13:58:42] EDIT 381spmch1/controllers/default.py: 1
[2016-01-24 13:59:50] EDIT 381spmch1/controllers/default.py: 0
[2016-01-24 14:00:03] EDIT 381spmch1/controllers/default.py: -1
[2016-01-24 14:01:06] EDIT 381spmch1/controllers/default.py: 1
[2016-01-24 14:05:24] EDIT 381spmch1/controllers/default.py: -1
[2016-01-24 14:08:19] EDIT 381spmch1/controllers/default.py: 4
[2016-01-24 14:08:46] EDIT 381spmch1/controllers/default.py: 0
[2016-01-24 14:08:52] EDIT 381spmch1/controllers/default.py: 0
[2016-01-24 14:09:20] EDIT 381spmch1/controllers/default.py: -4
[2016-01-24 14:11:44] EDIT 381spmch1/controllers/default.py: 1
[2016-01-24 14:12:34] EDIT 381spmch1/controllers/default.py: -1
[2016-01-25 15:08:44] EDIT 381spmch1/views/default/show.html: 0
[2016-01-25 15:15:21] EDIT 381spmch1/views/default/show.html: 0
[2016-01-25 15:26:27] EDIT 381spmch1/views/default/show.html: 0
[2016-01-25 15:27:52] EDIT 381spmch1/views/default/show.html: -2
[2016-01-25 15:29:01] EDIT 381spmch1/views/default/show.html: 0
[2016-01-25 15:29:53] EDIT 381spmch1/views/default/show.html: 0
[2016-01-25 15:30:27] EDIT 381spmch1/views/default/show.html: 1
[2016-01-25 15:31:06] EDIT 381spmch1/views/default/show.html: 0
[2016-01-25 15:34:57] EDIT 381spmch1/controllers/default.py: 0
[2016-01-25 15:35:04] EDIT 381spmch1/controllers/default.py: 0
[2016-01-25 15:35:26] EDIT 381spmch1/controllers/default.py: 0
[2016-01-25 15:37:55] EDIT 381spmch1/views/default/show.html: 1
[2016-01-25 15:38:30] EDIT 381spmch1/controllers/default.py: 0
[2016-01-25 16:58:50] EDIT 381spmch1/views/default/index.html: 4
[2016-01-25 19:35:55] EDIT 381spmch1/controllers/default.py: 8
[2016-01-25 19:38:04] EDIT 381spmch1/views/default/index.html: -1
[2016-01-25 19:39:42] EDIT 381spmch1/views/default/index.html: -1
[2016-01-25 19:39:56] EDIT 381spmch1/views/default/index.html: 1
[2016-01-25 19:40:19] EDIT 381spmch1/views/default/index.html: 0
[2016-01-25 19:40:29] EDIT 381spmch1/views/default/index.html: 0
[2016-01-25 19:41:26] EDIT 381spmch1/views/default/index.html: 0
[2016-01-25 19:41:36] EDIT 381spmch1/views/default/index.html: 0
[2016-01-25 19:41:46] EDIT 381spmch1/views/default/index.html: 0
[2016-01-25 19:43:31] EDIT 381spmch1/views/default/index.html: -8
[2016-01-25 19:43:37] EDIT 381spmch1/views/default/index.html: 8
[2016-01-25 19:43:59] EDIT 381spmch1/views/default/index.html: 0
[2016-01-25 19:44:32] EDIT 381spmch1/views/default/index.html: 0
[2016-01-25 19:44:38] EDIT 381spmch1/views/default/index.html: 0
[2016-01-25 19:46:28] EDIT 381spmch1/views/default/index.html: 0
[2016-01-25 19:46:54] EDIT 381spmch1/views/default/index.html: 0
[2016-01-25 19:46:56] EDIT 381spmch1/views/default/index.html: 0
[2016-01-25 19:48:20] EDIT 381spmch1/controllers/default.py: 1
[2016-01-25 20:50:29] EDIT 381spmch1/controllers/default.py: 61
[2016-01-25 20:55:26] EDIT 381spmch1/controllers/default.py: -52
[2016-01-25 20:55:52] EDIT 381spmch1/controllers/default.py: 0
[2016-01-25 20:56:47] EDIT 381spmch1/controllers/default.py: 0
[2016-01-25 20:57:44] EDIT 381spmch1/views/default/index.html: 1
[2016-01-25 21:01:34] EDIT 381spmch1/controllers/default.py: 13
[2016-01-25 21:01:47] EDIT 381spmch1/controllers/default.py: -1
[2016-01-25 21:02:49] EDIT 381spmch1/controllers/default.py: 0
[2016-01-25 21:02:57] EDIT 381spmch1/views/default/index.html: 1
[2016-01-25 21:06:26] EDIT 381spmch1/controllers/default.py: 0
[2016-01-25 21:07:35] EDIT 381spmch1/controllers/default.py: 0
[2016-01-25 21:10:47] EDIT 381spmch1/controllers/default.py: 0
[2016-01-25 21:11:13] EDIT 381spmch1/controllers/default.py: 1
[2016-01-25 21:11:55] EDIT 381spmch1/controllers/default.py: 0
[2016-01-25 21:12:50] EDIT 381spmch1/views/default/index.html: 0
[2016-01-25 21:15:45] EDIT 381spmch1/views/default/index.html: 0
[2016-01-25 21:17:06] EDIT 381spmch1/views/default/index.html: 0
[2016-01-25 21:17:26] EDIT 381spmch1/controllers/default.py: 0
[2016-01-25 21:18:15] EDIT 381spmch1/controllers/default.py: 0
[2016-01-25 21:18:33] EDIT 381spmch1/controllers/default.py: 0
[2016-01-25 21:19:09] EDIT 381spmch1/controllers/default.py: 0
[2016-01-25 21:24:34] EDIT 381spmch1/views/default/index.html: 0
[2016-01-25 21:27:21] EDIT 381spmch1/controllers/default.py: 0
[2016-01-25 21:27:25] EDIT 381spmch1/controllers/default.py: 0
[2016-01-25 21:27:39] EDIT 381spmch1/controllers/default.py: 0
[2016-01-25 21:28:42] EDIT 381spmch1/controllers/default.py: 0
[2016-01-25 21:32:37] EDIT 381spmch1/controllers/default.py: 1
[2016-01-25 21:35:27] EDIT 381spmch1/controllers/default.py: 0
[2016-01-25 21:36:05] EDIT 381spmch1/controllers/default.py: 2
[2016-01-25 21:39:52] EDIT 381spmch1/views/default/index.html: 0
[2016-01-25 21:42:28] EDIT 381spmch1/controllers/default.py: -3
[2016-02-01 00:49:27] EDIT 381spmch1/models/db.py: 10
[2016-02-01 00:51:35] EDIT 381spmch1/models/db.py: 0
[2016-02-01 00:51:50] EDIT 381spmch1/models/db.py: 0
[2016-02-01 00:52:08] EDIT 381spmch1/models/db.py: -10
[2016-02-01 00:53:11] EDIT 381spmch1/models/db.py: -14
[2016-02-01 00:53:37] EDIT 381spmch1/models/db.py: 0
[2016-02-01 00:53:40] EDIT 381spmch1/controllers/default.py: 0
